fatal: ERROR FATAL! Algo salió terriblemente mal!
fatal: ERROR FATAL! Algo salió terriblemente mal!
fatal: ERROR FATAL! Algo salió terriblemente mal!
fatal: ERROR FATAL! Algo salió terriblemente mal!
fatal: GET en /loggerTest - at 4/11/2023 - 21:31:33
warning: GET en /loggerTest - at 4/11/2023 - 21:31:33
fatal: ERROR FATAL! Algo salió terriblemente mal!
error: Error! Algo no está bien!
warning: Advertencia! Prueba de Log warning!
fatal: GET en /loggerTest - at 4/11/2023 - 21:31:33
warning: GET en /loggerTest - at 4/11/2023 - 21:31:33
fatal: ERROR FATAL! Algo salió terriblemente mal!
error: Error! Algo no está bien!
warning: Advertencia! Prueba de Log warning!
fatal: GET en /favicon.ico - at 4/11/2023 - 21:31:33
warning: GET en /favicon.ico - at 4/11/2023 - 21:31:33
fatal: GET en /loggerTest - at 4/11/2023 - 21:31:39
warning: GET en /loggerTest - at 4/11/2023 - 21:31:39
fatal: ERROR FATAL! Algo salió terriblemente mal!
error: Error! Algo no está bien!
warning: Advertencia! Prueba de Log warning!
fatal: GET en /loggerTest - at 4/11/2023 - 21:31:39
warning: GET en /loggerTest - at 4/11/2023 - 21:31:39
fatal: ERROR FATAL! Algo salió terriblemente mal!
error: Error! Algo no está bien!
warning: Advertencia! Prueba de Log warning!
fatal: GET en /loggerTest - at 4/11/2023 - 21:31:53
warning: GET en /loggerTest - at 4/11/2023 - 21:31:53
fatal: ERROR FATAL! Algo salió terriblemente mal!
error: Error! Algo no está bien!
warning: Advertencia! Prueba de Log warning!
fatal: GET en /loggerTest - at 4/11/2023 - 21:31:53
warning: GET en /loggerTest - at 4/11/2023 - 21:31:53
fatal: ERROR FATAL! Algo salió terriblemente mal!
error: Error! Algo no está bien!
warning: Advertencia! Prueba de Log warning!
fatal: GET en /loggerTest - at 4/11/2023 - 21:32:19
error: GET en /loggerTest - at 4/11/2023 - 21:32:19
fatal: ERROR FATAL! Algo salió terriblemente mal!
error: Error! Algo no está bien!
warning: Advertencia! Prueba de Log warning!
fatal: GET en /loggerTest - at 4/11/2023 - 21:32:19
error: GET en /loggerTest - at 4/11/2023 - 21:32:19
fatal: ERROR FATAL! Algo salió terriblemente mal!
error: Error! Algo no está bien!
warning: Advertencia! Prueba de Log warning!
fatal: ERROR FATAL! Algo salió terriblemente mal!
fatal: ERROR FATAL! Algo salió terriblemente mal!
fatal: ERROR FATAL! Algo salió terriblemente mal!
fatal: ERROR FATAL! Algo salió terriblemente mal!
fatal: ERROR FATAL! Algo salió terriblemente mal!
fatal: ERROR FATAL! Algo salió terriblemente mal!
fatal: ERROR FATAL! Algo salió terriblemente mal!
fatal: ERROR FATAL! Algo salió terriblemente mal!
fatal: ERROR FATAL! Algo salió terriblemente mal!
fatal: ERROR FATAL! Algo salió terriblemente mal!
fatal: ERROR FATAL! Algo salió terriblemente mal!
fatal: ERROR FATAL! Algo salió terriblemente mal!
fatal: ERROR FATAL! Algo salió terriblemente mal!
fatal: ERROR FATAL! Algo salió terriblemente mal!
fatal: ERROR FATAL! Algo salió terriblemente mal!
fatal: ERROR FATAL! Algo salió terriblemente mal!
fatal: ERROR FATAL! Algo salió terriblemente mal!
fatal: ERROR FATAL! Algo salió terriblemente mal!
fatal: ERROR FATAL! Algo salió terriblemente mal!
fatal: ERROR FATAL! Algo salió terriblemente mal!
fatal: ERROR FATAL! Algo salió terriblemente mal!
fatal: ERROR FATAL! Algo salió terriblemente mal!
fatal: ERROR FATAL! Algo salió terriblemente mal!
fatal: ERROR FATAL! Algo salió terriblemente mal!
fatal: ERROR FATAL! Algo salió terriblemente mal!
fatal: ERROR FATAL! Algo salió terriblemente mal!
fatal: ERROR FATAL! Algo salió terriblemente mal!
fatal: ERROR FATAL! Algo salió terriblemente mal!
fatal: ERROR FATAL! Algo salió terriblemente mal!
fatal: ERROR FATAL! Algo salió terriblemente mal!
fatal: ERROR FATAL! Algo salió terriblemente mal!
fatal: ERROR FATAL! Algo salió terriblemente mal!
fatal: ERROR FATAL! Algo salió terriblemente mal!
fatal: ERROR FATAL! Algo salió terriblemente mal!
fatal: ERROR FATAL! Algo salió terriblemente mal!
error: Error! Algo no está bien!
fatal: ERROR FATAL! Algo salió terriblemente mal!
error: Error! Algo no está bien!
fatal: ERROR FATAL! Algo salió terriblemente mal!
error: Error! Algo no está bien!
fatal: ERROR FATAL! Algo salió terriblemente mal!
error: Error! Algo no está bien!
fatal: ERROR FATAL! Algo salió terriblemente mal!
error: Error! Algo no está bien!
fatal: ERROR FATAL! Algo salió terriblemente mal!
error: Error! Algo no está bien!
fatal: ERROR FATAL! Algo salió terriblemente mal!
error: Error! Algo no está bien!
fatal: ERROR FATAL! Algo salió terriblemente mal!
error: Error! Algo no está bien!
fatal: ERROR FATAL! Algo salió terriblemente mal!
error: Error! Algo no está bien!
fatal: ERROR FATAL! Algo salió terriblemente mal!
error: Error! Algo no está bien!
fatal: ERROR FATAL! Algo salió terriblemente mal!
error: Error! Algo no está bien!
fatal: ERROR FATAL! Algo salió terriblemente mal!
error: Error! Algo no está bien!
